生成启动时间为 2018/3/12 23:00:47。
     1>项目“F:\github\烙饼排序（编程之美）\flapjack_reorder\flapjack reorder\flapjack reorder\flapjack reorder.vcxproj”在节点 2 上(build 个目标)。
     1>InitializeBuildStatus:
         正在创建“Debug\flapjack reorder.unsuccessfulbuild”，因为已指定“AlwaysCreate”。
       ClCompile:
         F:\vs2010\VC\bin\CL.exe /c /ZI /nologo /W3 /WX- /Od /Oy- /D WIN32 /D _DEBUG /D _CONSOLE /D _UNICODE /D UNICODE /Gm /EHsc /RTC1 /MDd /GS /fp:precise /Zc:wchar_t /Zc:forScope /Fo"Debug\\" /Fd"Debug\vc100.pdb" /Gd /TC /analyze- /errorReport:prompt fapjack_reorder.c
         fapjack_reorder.c
       ManifestResourceCompile:
         C:\Program Files (x86)\Microsoft SDKs\Windows\v7.0A\bin\rc.exe /nologo /fo"Debug\flapjack reorder.exe.embed.manifest.res" "Debug\flapjack reorder_manifest.rc" 
       Link:
         F:\vs2010\VC\bin\link.exe /ERRORREPORT:PROMPT /OUT:"F:\github\烙饼排序（编程之美）\flapjack_reorder\flapjack reorder\Debug\flapjack reorder.exe" /INCREMENTAL /NOLOGO kernel32.lib user32.lib gdi32.lib winspool.lib comdlg32.lib advapi32.lib shell32.lib ole32.lib oleaut32.lib uuid.lib odbc32.lib odbccp32.lib /MANIFEST /ManifestFile:"Debug\flapjack reorder.exe.intermediate.manifest" /MANIFESTUAC:"level='asInvoker' uiAccess='false'" /DEBUG /PDB:"F:\github\烙饼排序（编程之美）\flapjack_reorder\flapjack reorder\Debug\flapjack reorder.pdb" /SUBSYSTEM:CONSOLE /TLBID:1 /DYNAMICBASE /NXCOMPAT /IMPLIB:"F:\github\烙饼排序（编程之美）\flapjack_reorder\flapjack reorder\Debug\flapjack reorder.lib" /MACHINE:X86 "Debug\flapjack reorder.exe.embed.manifest.res"
         Debug\fapjack_reorder.obj
       Manifest:
         C:\Program Files (x86)\Microsoft SDKs\Windows\v7.0A\bin\mt.exe /nologo /verbose /out:"Debug\flapjack reorder.exe.embed.manifest" /manifest "Debug\flapjack reorder.exe.intermediate.manifest"
         所有输出均为最新。
       LinkEmbedManifest:
         所有输出均为最新。
         flapjack reorder.vcxproj -> F:\github\烙饼排序（编程之美）\flapjack_reorder\flapjack reorder\Debug\flapjack reorder.exe
       FinalizeBuildStatus:
         正在删除文件“Debug\flapjack reorder.unsuccessfulbuild”。
         正在对“Debug\flapjack reorder.lastbuildstate”执行 Touch 任务。
     1>已完成生成项目“F:\github\烙饼排序（编程之美）\flapjack_reorder\flapjack reorder\flapjack reorder\flapjack reorder.vcxproj”(build 个目标)的操作。

生成成功。

已用时间 00:00:03.57
